>>> Warning 203 "C:\Program Files (x86)\PICC\Drivers\pic18_usb.c" Line 643(1,1): Condition always TRUE
>>> Warning 216 "Joystick.c" Line 342(1,2): Interrupts disabled during call to prevent re-entrancy:  (usb_token_reset)
>>> Warning 216 "Joystick.c" Line 342(1,2): Interrupts disabled during call to prevent re-entrancy:  (usb_tbe)
>>> Warning 216 "Joystick.c" Line 342(1,2): Interrupts disabled during call to prevent re-entrancy:  (usb_flush_in)
>>> Warning 202 "Joystick.c" Line 51(6,15): Variable never used:   connected
>>> Warning 202 "Joystick.c" Line 53(6,12): Variable never used:   rx_msg
>>> Warning 202 "Joystick.c" Line 54(6,12): Variable never used:   tx_msg
>>> Warning 202 "Joystick.c" Line 57(6,14): Variable never used:   NextChar
>>> Warning 202 "Joystick.c" Line 59(6,13): Variable never used:   fInicio
>>> Warning 202 "Joystick.c" Line 62(6,7): Variable never used:   i
>>> Warning 202 "Joystick.c" Line 63(6,15): Variable never used:   rNroCanal
>>> Warning 202 "Joystick.c" Line 64(6,13): Variable never used:   rTiempo
>>> Warning 202 "Joystick.c" Line 65(6,11): Variable never used:   txlen
>>> Warning 202 "Joystick.c" Line 66(6,13): Variable never used:   txpoint
>>> Warning 202 "Joystick.c" Line 68(6,16): Variable never used:   rAntBot1a8
>>> Warning 202 "Joystick.c" Line 103(6,14): Variable never used:   Btn24a32
>>> Warning 202 "Joystick.c" Line 172(9,13): Variable never used:   Trim
>>> Warning 202 "Joystick.c" Line 173(9,15): Variable never used:   buffer
>>> Warning 202 "Joystick.c" Line 202(12,17): Variable never used:   rTemp
      Memory usage:   ROM=20%      RAM=14% - 16%
      0 Errors,  19 Warnings.
Build Successful.
